<?xml version="1.0" encoding="UTF-8"?>
<!-- Generated by org.testng.reporters.JUnitReportReporter -->
<testsuite hostname="DESKTOP-FVAVO0N" failures="0" tests="1" name="RestAssured.com.RestAssured.ValidateJsonResponseBody" time="3.814" errors="0" timestamp="2023-09-21T21:22:38 IST" skipped="0">
  <testcase classname="RestAssured.com.RestAssured.ValidateJsonResponseBody" name="UserlistResponseBody" time="3.814"/>
</testsuite> <!-- RestAssured.com.RestAssured.ValidateJsonResponseBody -->
